Looking for git in: git
Using git 2.11.0 from git
> git rev-parse --show-toplevel
> git rev-parse --git-dir
Open repository: /root/Documents/workspace-project-web
> git status -z -u
> git symbolic-ref --short HEAD
> git rev-parse master
> git rev-parse --symbolic-full-name master@{u}
> git rev-list --left-right master...refs/remotes/origin/master
> git for-each-ref --format %(refname) %(objectname) --sort -committerdate
> git remote --verbose
Failed to watch ref '/root/Documents/workspace-project-web/.git/refs/remotes/origin/master', is most likely packed.
Error: ENOENT: no such file or directory, watch '/root/Documents/workspace-project-web/.git/refs/remotes/origin/master'
	at FSWatcher.start (internal/fs/watchers.js:165:26)
	at Object.watch (fs.js:1270:11)
	at Object.t.watch (/usr/share/code/resources/app/extensions/git/dist/main.js:1:592073)
	at E.updateTransientWatchers (/usr/share/code/resources/app/extensions/git/dist/main.js:1:123277)
	at l.fire (/usr/share/code/resources/app/out/vs/workbench/services/extensions/node/extensionHostProcess.js:48:561)
	at R.updateModelState (/usr/share/code/resources/app/extensions/git/dist/main.js:1:142135)
> git config --get commit.template
> git check-ignore -v -z --stdin
> git check-ignore -v -z --stdin
> git check-ignore -v -z --stdin
> git status -z -u
> git symbolic-ref --short HEAD
> git rev-parse master
> git rev-parse --symbolic-full-name master@{u}
> git rev-list --left-right master...refs/remotes/origin/master
> git for-each-ref --format %(refname) %(objectname) --sort -committerdate
> git remote --verbose
Failed to watch ref '/root/Documents/workspace-project-web/.git/refs/remotes/origin/master', is most likely packed.
Error: ENOENT: no such file or directory, watch '/root/Documents/workspace-project-web/.git/refs/remotes/origin/master'
	at FSWatcher.start (internal/fs/watchers.js:165:26)
	at Object.watch (fs.js:1270:11)
	at Object.t.watch (/usr/share/code/resources/app/extensions/git/dist/main.js:1:592073)
	at E.updateTransientWatchers (/usr/share/code/resources/app/extensions/git/dist/main.js:1:123277)
	at l.fire (/usr/share/code/resources/app/out/vs/workbench/services/extensions/node/extensionHostProcess.js:48:561)
	at R.updateModelState (/usr/share/code/resources/app/extensions/git/dist/main.js:1:142135)
> git config --get commit.template
> git status -z -u
> git symbolic-ref --short HEAD
> git rev-parse master
> git rev-parse --symbolic-full-name master@{u}
> git rev-list --left-right master...refs/remotes/origin/master
> git for-each-ref --format %(refname) %(objectname) --sort -committerdate
> git remote --verbose
Failed to watch ref '/root/Documents/workspace-project-web/.git/refs/remotes/origin/master', is most likely packed.
Error: ENOENT: no such file or directory, watch '/root/Documents/workspace-project-web/.git/refs/remotes/origin/master'
	at FSWatcher.start (internal/fs/watchers.js:165:26)
	at Object.watch (fs.js:1270:11)
	at Object.t.watch (/usr/share/code/resources/app/extensions/git/dist/main.js:1:592073)
	at E.updateTransientWatchers (/usr/share/code/resources/app/extensions/git/dist/main.js:1:123277)
	at l.fire (/usr/share/code/resources/app/out/vs/workbench/services/extensions/node/extensionHostProcess.js:48:561)
	at R.updateModelState (/usr/share/code/resources/app/extensions/git/dist/main.js:1:142135)
> git config --get commit.template
> git status -z -u
> git symbolic-ref --short HEAD
> git rev-parse master
> git rev-parse --symbolic-full-name master@{u}
> git rev-list --left-right master...refs/remotes/origin/master
> git for-each-ref --format %(refname) %(objectname) --sort -committerdate
> git remote --verbose
Failed to watch ref '/root/Documents/workspace-project-web/.git/refs/remotes/origin/master', is most likely packed.
Error: ENOENT: no such file or directory, watch '/root/Documents/workspace-project-web/.git/refs/remotes/origin/master'
	at FSWatcher.start (internal/fs/watchers.js:165:26)
	at Object.watch (fs.js:1270:11)
	at Object.t.watch (/usr/share/code/resources/app/extensions/git/dist/main.js:1:592073)
	at E.updateTransientWatchers (/usr/share/code/resources/app/extensions/git/dist/main.js:1:123277)
	at l.fire (/usr/share/code/resources/app/out/vs/workbench/services/extensions/node/extensionHostProcess.js:48:561)
	at R.updateModelState (/usr/share/code/resources/app/extensions/git/dist/main.js:1:142135)
> git config --get commit.template
> git status -z -u
> git symbolic-ref --short HEAD
> git rev-parse master
> git rev-parse --symbolic-full-name master@{u}
> git rev-list --left-right master...refs/remotes/origin/master
> git for-each-ref --format %(refname) %(objectname) --sort -committerdate
> git remote --verbose
Failed to watch ref '/root/Documents/workspace-project-web/.git/refs/remotes/origin/master', is most likely packed.
Error: ENOENT: no such file or directory, watch '/root/Documents/workspace-project-web/.git/refs/remotes/origin/master'
	at FSWatcher.start (internal/fs/watchers.js:165:26)
	at Object.watch (fs.js:1270:11)
	at Object.t.watch (/usr/share/code/resources/app/extensions/git/dist/main.js:1:592073)
	at E.updateTransientWatchers (/usr/share/code/resources/app/extensions/git/dist/main.js:1:123277)
	at l.fire (/usr/share/code/resources/app/out/vs/workbench/services/extensions/node/extensionHostProcess.js:48:561)
	at R.updateModelState (/usr/share/code/resources/app/extensions/git/dist/main.js:1:142135)
> git config --get commit.template
> git status -z -u
> git symbolic-ref --short HEAD
> git rev-parse master
> git rev-parse --symbolic-full-name master@{u}
> git rev-list --left-right master...refs/remotes/origin/master
> git for-each-ref --format %(refname) %(objectname) --sort -committerdate
> git remote --verbose
Failed to watch ref '/root/Documents/workspace-project-web/.git/refs/remotes/origin/master', is most likely packed.
Error: ENOENT: no such file or directory, watch '/root/Documents/workspace-project-web/.git/refs/remotes/origin/master'
	at FSWatcher.start (internal/fs/watchers.js:165:26)
	at Object.watch (fs.js:1270:11)
	at Object.t.watch (/usr/share/code/resources/app/extensions/git/dist/main.js:1:592073)
	at E.updateTransientWatchers (/usr/share/code/resources/app/extensions/git/dist/main.js:1:123277)
	at l.fire (/usr/share/code/resources/app/out/vs/workbench/services/extensions/node/extensionHostProcess.js:48:561)
	at R.updateModelState (/usr/share/code/resources/app/extensions/git/dist/main.js:1:142135)
> git config --get commit.template
> git check-ignore -v -z --stdin
> git check-ignore -v -z --stdin
> git check-ignore -v -z --stdin
> git status -z -u
> git symbolic-ref --short HEAD
> git rev-parse master
> git rev-parse --symbolic-full-name master@{u}
> git rev-list --left-right master...refs/remotes/origin/master
> git for-each-ref --format %(refname) %(objectname) --sort -committerdate
> git remote --verbose
Failed to watch ref '/root/Documents/workspace-project-web/.git/refs/remotes/origin/master', is most likely packed.
Error: ENOENT: no such file or directory, watch '/root/Documents/workspace-project-web/.git/refs/remotes/origin/master'
	at FSWatcher.start (internal/fs/watchers.js:165:26)
	at Object.watch (fs.js:1270:11)
	at Object.t.watch (/usr/share/code/resources/app/extensions/git/dist/main.js:1:592073)
	at E.updateTransientWatchers (/usr/share/code/resources/app/extensions/git/dist/main.js:1:123277)
	at l.fire (/usr/share/code/resources/app/out/vs/workbench/services/extensions/node/extensionHostProcess.js:48:561)
	at R.updateModelState (/usr/share/code/resources/app/extensions/git/dist/main.js:1:142135)
> git config --get commit.template
> git check-ignore -v -z --stdin
> git check-ignore -v -z --stdin
> git check-ignore -v -z --stdin
> git status -z -u
> git symbolic-ref --short HEAD
> git rev-parse master
> git rev-parse --symbolic-full-name master@{u}
> git rev-list --left-right master...refs/remotes/origin/master
> git for-each-ref --format %(refname) %(objectname) --sort -committerdate
> git remote --verbose
Failed to watch ref '/root/Documents/workspace-project-web/.git/refs/remotes/origin/master', is most likely packed.
Error: ENOENT: no such file or directory, watch '/root/Documents/workspace-project-web/.git/refs/remotes/origin/master'
	at FSWatcher.start (internal/fs/watchers.js:165:26)
	at Object.watch (fs.js:1270:11)
	at Object.t.watch (/usr/share/code/resources/app/extensions/git/dist/main.js:1:592073)
	at E.updateTransientWatchers (/usr/share/code/resources/app/extensions/git/dist/main.js:1:123277)
	at l.fire (/usr/share/code/resources/app/out/vs/workbench/services/extensions/node/extensionHostProcess.js:48:561)
	at R.updateModelState (/usr/share/code/resources/app/extensions/git/dist/main.js:1:142135)
> git config --get commit.template
> git show :client/src/components/Cart.js
> git ls-files --stage -- /root/Documents/workspace-project-web/client/src/components/Cart.js
> git cat-file -s 57a25a8cb73c499e8cb45e37e7f072bb9b16eea8
> git check-ignore -v -z --stdin
> git show :client/src/components/admi-file/adminHome.jsx
> git ls-files --stage -- /root/Documents/workspace-project-web/client/src/components/admi-file/adminHome.jsx
> git cat-file -s 9e3a4681b6239ce1d9c78c72a9a71b2b462834c7
> git status -z -u
> git symbolic-ref --short HEAD
> git rev-parse master
> git rev-parse --symbolic-full-name master@{u}
> git rev-list --left-right master...refs/remotes/origin/master
> git for-each-ref --format %(refname) %(objectname) --sort -committerdate
> git remote --verbose
Failed to watch ref '/root/Documents/workspace-project-web/.git/refs/remotes/origin/master', is most likely packed.
Error: ENOENT: no such file or directory, watch '/root/Documents/workspace-project-web/.git/refs/remotes/origin/master'
	at FSWatcher.start (internal/fs/watchers.js:165:26)
	at Object.watch (fs.js:1270:11)
	at Object.t.watch (/usr/share/code/resources/app/extensions/git/dist/main.js:1:592073)
	at E.updateTransientWatchers (/usr/share/code/resources/app/extensions/git/dist/main.js:1:123277)
	at l.fire (/usr/share/code/resources/app/out/vs/workbench/services/extensions/node/extensionHostProcess.js:48:561)
	at R.updateModelState (/usr/share/code/resources/app/extensions/git/dist/main.js:1:142135)
> git config --get commit.template
> git status -z -u
> git symbolic-ref --short HEAD
> git rev-parse master
> git rev-parse --symbolic-full-name master@{u}
> git rev-list --left-right master...refs/remotes/origin/master
> git for-each-ref --format %(refname) %(objectname) --sort -committerdate
> git remote --verbose
Failed to watch ref '/root/Documents/workspace-project-web/.git/refs/remotes/origin/master', is most likely packed.
Error: ENOENT: no such file or directory, watch '/root/Documents/workspace-project-web/.git/refs/remotes/origin/master'
	at FSWatcher.start (internal/fs/watchers.js:165:26)
	at Object.watch (fs.js:1270:11)
	at Object.t.watch (/usr/share/code/resources/app/extensions/git/dist/main.js:1:592073)
	at E.updateTransientWatchers (/usr/share/code/resources/app/extensions/git/dist/main.js:1:123277)
	at l.fire (/usr/share/code/resources/app/out/vs/workbench/services/extensions/node/extensionHostProcess.js:48:561)
	at R.updateModelState (/usr/share/code/resources/app/extensions/git/dist/main.js:1:142135)
> git config --get commit.template
> git check-ignore -v -z --stdin
> git show :client/src/components/admi-file/registerAdmin.jsx
> git ls-files --stage -- /root/Documents/workspace-project-web/client/src/components/admi-file/registerAdmin.jsx
> git cat-file -s c164a803785d6ce2ff04bd882aba8713b659a703
> git show :web-project/routes/gestion.route.js
> git ls-files --stage -- /root/Documents/workspace-project-web/web-project/routes/gestion.route.js
> git cat-file -s acc4d65bfc20368dae752892c743ec4ebc10298c
> git show :client/src/components/admi-file/articles.jsx
> git ls-files --stage -- /root/Documents/workspace-project-web/client/src/components/admi-file/articles.jsx
> git cat-file -s aa960fab0f09b0afd4eedfb3c9465f9dd567ff72
> git show :client/src/components/admi-file/adminHome.jsx
> git ls-files --stage -- /root/Documents/workspace-project-web/client/src/components/admi-file/adminHome.jsx
> git cat-file -s 9e3a4681b6239ce1d9c78c72a9a71b2b462834c7
> git show :client/src/components/admi-file/insertAticle.jsx
> git ls-files --stage -- /root/Documents/workspace-project-web/client/src/components/admi-file/insertAticle.jsx
> git cat-file -s f192327c81499b0acb6417f5de73f2b0e0f3360c
> git show :client/src/components/admi-file/loginForm.jsx
> git ls-files --stage -- /root/Documents/workspace-project-web/client/src/components/admi-file/loginForm.jsx
> git cat-file -s ac2302d77482dfd0e259d6d0bd3cbf83dfa2bf26
> git show :web-project/routes/gestion.route.js
> git ls-files --stage -- /root/Documents/workspace-project-web/web-project/routes/gestion.route.js
> git cat-file -s acc4d65bfc20368dae752892c743ec4ebc10298c
> git show :web-project/routes/index.js
> git ls-files --stage -- /root/Documents/workspace-project-web/web-project/routes/index.js
> git cat-file -s ecca96a56b309a315ddf6399155fd2f953031d3b
> git show :web-project/routes/users.js
> git ls-files --stage -- /root/Documents/workspace-project-web/web-project/routes/users.js
> git cat-file -s 623e4302bee32ccc080d1c83ee2e55a426c9bac8
> git show :web-project/routes/gestion.route.js
> git ls-files --stage -- /root/Documents/workspace-project-web/web-project/routes/gestion.route.js
> git cat-file -s acc4d65bfc20368dae752892c743ec4ebc10298c
> git show :client/src/components/admi-file/adminHome.jsx
> git ls-files --stage -- /root/Documents/workspace-project-web/client/src/components/admi-file/adminHome.jsx
> git cat-file -s 9e3a4681b6239ce1d9c78c72a9a71b2b462834c7
> git show :client/src/components/admi-file/loginForm.jsx
> git ls-files --stage -- /root/Documents/workspace-project-web/client/src/components/admi-file/loginForm.jsx
> git cat-file -s ac2302d77482dfd0e259d6d0bd3cbf83dfa2bf26
> git show :client/src/components/admi-file/insertAticle.jsx
> git ls-files --stage -- /root/Documents/workspace-project-web/client/src/components/admi-file/insertAticle.jsx
> git cat-file -s f192327c81499b0acb6417f5de73f2b0e0f3360c
> git check-ignore -v -z --stdin
> git show :client/src/components/admi-file/insertArticle.jsx
> git ls-files --stage -- /root/Documents/workspace-project-web/client/src/components/admi-file/insertArticle.jsx
> git show :client/src/components/admi-file/loginForm.jsx
> git ls-files --stage -- /root/Documents/workspace-project-web/client/src/components/admi-file/loginForm.jsx
> git cat-file -s ac2302d77482dfd0e259d6d0bd3cbf83dfa2bf26
> git show :client/src/components/admi-file/articles.jsx
> git ls-files --stage -- /root/Documents/workspace-project-web/client/src/components/admi-file/articles.jsx
> git cat-file -s aa960fab0f09b0afd4eedfb3c9465f9dd567ff72
> git show :client/src/components/admi-file/adminHome.jsx
> git ls-files --stage -- /root/Documents/workspace-project-web/client/src/components/admi-file/adminHome.jsx
> git cat-file -s 9e3a4681b6239ce1d9c78c72a9a71b2b462834c7
> git check-ignore -v -z --stdin
> git show :web-project/models/article.model.js
> git ls-files --stage -- /root/Documents/workspace-project-web/web-project/models/article.model.js
> git cat-file -s d16029d43034e4b60fa160c280d3e0343e8f4e4a
> git show :client/src/components/admi-file/articles.jsx
> git ls-files --stage -- /root/Documents/workspace-project-web/client/src/components/admi-file/articles.jsx
> git cat-file -s aa960fab0f09b0afd4eedfb3c9465f9dd567ff72
> git show :web-project/models/article.model.js
> git ls-files --stage -- /root/Documents/workspace-project-web/web-project/models/article.model.js
> git cat-file -s d16029d43034e4b60fa160c280d3e0343e8f4e4a
> git show :client/src/components/admi-file/articles.jsx
> git ls-files --stage -- /root/Documents/workspace-project-web/client/src/components/admi-file/articles.jsx
> git cat-file -s aa960fab0f09b0afd4eedfb3c9465f9dd567ff72
> git show :client/src/components/admi-file/adminHome.jsx
> git ls-files --stage -- /root/Documents/workspace-project-web/client/src/components/admi-file/adminHome.jsx
> git cat-file -s 9e3a4681b6239ce1d9c78c72a9a71b2b462834c7
> git show :client/src/components/admi-file/articles.jsx
> git ls-files --stage -- /root/Documents/workspace-project-web/client/src/components/admi-file/articles.jsx
> git cat-file -s aa960fab0f09b0afd4eedfb3c9465f9dd567ff72
> git show :web-project/routes/gestion.route.js
> git ls-files --stage -- /root/Documents/workspace-project-web/web-project/routes/gestion.route.js
> git cat-file -s acc4d65bfc20368dae752892c743ec4ebc10298c
> git show :client/src/components/admi-file/adminHome.jsx
> git ls-files --stage -- /root/Documents/workspace-project-web/client/src/components/admi-file/adminHome.jsx
> git cat-file -s 9e3a4681b6239ce1d9c78c72a9a71b2b462834c7
> git show :client/src/components/admi-file/articles.jsx
> git ls-files --stage -- /root/Documents/workspace-project-web/client/src/components/admi-file/articles.jsx
> git cat-file -s aa960fab0f09b0afd4eedfb3c9465f9dd567ff72
> git show :client/src/components/admi-file/loginForm.jsx
> git ls-files --stage -- /root/Documents/workspace-project-web/client/src/components/admi-file/loginForm.jsx
> git cat-file -s ac2302d77482dfd0e259d6d0bd3cbf83dfa2bf26
> git show :client/src/components/admi-file/adminHome.jsx
> git ls-files --stage -- /root/Documents/workspace-project-web/client/src/components/admi-file/adminHome.jsx
> git cat-file -s 9e3a4681b6239ce1d9c78c72a9a71b2b462834c7
> git show :client/src/components/admi-file/cards.jsx
> git ls-files --stage -- /root/Documents/workspace-project-web/client/src/components/admi-file/cards.jsx
> git cat-file -s 1a9bc8eb70e9efe3c28c363c3784138b22c417cc
> git show :client/src/components/admi-file/adminHome.jsx
> git ls-files --stage -- /root/Documents/workspace-project-web/client/src/components/admi-file/adminHome.jsx
> git cat-file -s 9e3a4681b6239ce1d9c78c72a9a71b2b462834c7
> git show :client/src/components/admi-file/articles.jsx
> git ls-files --stage -- /root/Documents/workspace-project-web/client/src/components/admi-file/articles.jsx
> git cat-file -s aa960fab0f09b0afd4eedfb3c9465f9dd567ff72
> git show :client/src/components/admi-file/cards.jsx
> git ls-files --stage -- /root/Documents/workspace-project-web/client/src/components/admi-file/cards.jsx
> git cat-file -s 1a9bc8eb70e9efe3c28c363c3784138b22c417cc
> git show :client/src/components/admi-file/articles.jsx
> git ls-files --stage -- /root/Documents/workspace-project-web/client/src/components/admi-file/articles.jsx
> git cat-file -s aa960fab0f09b0afd4eedfb3c9465f9dd567ff72
> git show :web-project/models/article.model.js
> git ls-files --stage -- /root/Documents/workspace-project-web/web-project/models/article.model.js
> git cat-file -s d16029d43034e4b60fa160c280d3e0343e8f4e4a
> git check-ignore -v -z --stdin
> git show :web-project/controllers/article.controller.js
> git ls-files --stage -- /root/Documents/workspace-project-web/web-project/controllers/article.controller.js
> git cat-file -s c7110d1521c8aca3568cf40d4c8af0e3fa3f5908
> git show :client/src/components/admi-file/loginForm.jsx
> git ls-files --stage -- /root/Documents/workspace-project-web/client/src/components/admi-file/loginForm.jsx
> git cat-file -s ac2302d77482dfd0e259d6d0bd3cbf83dfa2bf26
> git show :client/src/components/admi-file/articles.jsx
> git ls-files --stage -- /root/Documents/workspace-project-web/client/src/components/admi-file/articles.jsx
> git cat-file -s aa960fab0f09b0afd4eedfb3c9465f9dd567ff72
> git show :client/src/components/admi-file/insertArticle.jsx
> git ls-files --stage -- /root/Documents/workspace-project-web/client/src/components/admi-file/insertArticle.jsx
> git show :web-project/models/article.model.js
> git ls-files --stage -- /root/Documents/workspace-project-web/web-project/models/article.model.js
> git cat-file -s d16029d43034e4b60fa160c280d3e0343e8f4e4a
> git show :client/src/components/admi-file/articles.jsx
> git ls-files --stage -- /root/Documents/workspace-project-web/client/src/components/admi-file/articles.jsx
> git cat-file -s aa960fab0f09b0afd4eedfb3c9465f9dd567ff72
> git status -z -u
> git ls-files --stage -- /root/Documents/workspace-project-web/client/src/components/admi-file/articles.jsx
> git ls-files --stage -- /root/Documents/workspace-project-web/web-project/models/article.model.js
> git cat-file -s 136ffdadefe0362c17787a6c1de7d8a921e8645a
> git cat-file -s d16029d43034e4b60fa160c280d3e0343e8f4e4a
> git show :client/src/components/admi-file/articles.jsx
> git show :web-project/models/article.model.js
> git symbolic-ref --short HEAD
> git rev-parse master
> git rev-parse --symbolic-full-name master@{u}
> git rev-list --left-right master...refs/remotes/origin/master
> git for-each-ref --format %(refname) %(objectname) --sort -committerdate
> git remote --verbose
Failed to watch ref '/root/Documents/workspace-project-web/.git/refs/remotes/origin/master', is most likely packed.
Error: ENOENT: no such file or directory, watch '/root/Documents/workspace-project-web/.git/refs/remotes/origin/master'
	at FSWatcher.start (internal/fs/watchers.js:165:26)
	at Object.watch (fs.js:1270:11)
	at Object.t.watch (/usr/share/code/resources/app/extensions/git/dist/main.js:1:592073)
	at E.updateTransientWatchers (/usr/share/code/resources/app/extensions/git/dist/main.js:1:123277)
	at l.fire (/usr/share/code/resources/app/out/vs/workbench/services/extensions/node/extensionHostProcess.js:48:561)
	at R.updateModelState (/usr/share/code/resources/app/extensions/git/dist/main.js:1:142135)
> git config --get commit.template
> git status -z -u
> git ls-files --stage -- /root/Documents/workspace-project-web/client/src/components/admi-file/articles.jsx
> git ls-files --stage -- /root/Documents/workspace-project-web/web-project/models/article.model.js
> git cat-file -s d42936fccd344573e82fc91ef13304923db8dfad
> git cat-file -s d16029d43034e4b60fa160c280d3e0343e8f4e4a
> git show :client/src/components/admi-file/articles.jsx
> git show :web-project/models/article.model.js
> git symbolic-ref --short HEAD
> git rev-parse master
> git rev-parse --symbolic-full-name master@{u}
> git rev-list --left-right master...refs/remotes/origin/master
> git for-each-ref --format %(refname) %(objectname) --sort -committerdate
> git remote --verbose
> git ls-files --stage -- /root/Documents/workspace-project-web/web-project/models/article.model.js
> git cat-file -s d16029d43034e4b60fa160c280d3e0343e8f4e4a
> git show :web-project/models/article.model.js
> git show :client/src/components/admi-file/adminHome.jsx
> git ls-files --stage -- /root/Documents/workspace-project-web/client/src/components/admi-file/adminHome.jsx
> git cat-file -s 9e3a4681b6239ce1d9c78c72a9a71b2b462834c7
> git status -z -u
> git symbolic-ref --short HEAD
> git rev-parse master
> git rev-parse --symbolic-full-name master@{u}
> git rev-list --left-right master...refs/remotes/origin/master
> git for-each-ref --format %(refname) %(objectname) --sort -committerdate
> git remote --verbose
> git status -z -u
> git ls-files --stage -- /root/Documents/workspace-project-web/client/src/components/admi-file/adminHome.jsx
> git ls-files --stage -- /root/Documents/workspace-project-web/web-project/models/article.model.js
> git cat-file -s 6e0c275754a5618ac4810adb95c499b2d241b62a
> git cat-file -s d16029d43034e4b60fa160c280d3e0343e8f4e4a
> git show :client/src/components/admi-file/adminHome.jsx
> git show :web-project/models/article.model.js
> git symbolic-ref --short HEAD
> git rev-parse master
> git rev-parse --symbolic-full-name master@{u}
> git rev-list --left-right master...refs/remotes/origin/master
> git for-each-ref --format %(refname) %(objectname) --sort -committerdate
> git remote --verbose
> git config --get commit.template
> git status -z -u
> git symbolic-ref --short HEAD
> git rev-parse master
> git rev-parse --symbolic-full-name master@{u}
> git rev-list --left-right master...refs/remotes/origin/master
> git for-each-ref --format %(refname) %(objectname) --sort -committerdate
> git remote --verbose
> git config --get commit.template
> git show :client/src/components/admi-file/insertArticle.jsx
> git ls-files --stage -- /root/Documents/workspace-project-web/client/src/components/admi-file/insertArticle.jsx
> git cat-file -s 59b273079a529b3842489fd6958a41d9c7f72bee
> git show :client/src/components/admi-file/articles.jsx
> git ls-files --stage -- /root/Documents/workspace-project-web/client/src/components/admi-file/articles.jsx
> git cat-file -s d42936fccd344573e82fc91ef13304923db8dfad
> git show :client/src/components/admi-file/insertArticle.jsx
> git ls-files --stage -- /root/Documents/workspace-project-web/client/src/components/admi-file/insertArticle.jsx
> git cat-file -s 59b273079a529b3842489fd6958a41d9c7f72bee
> git show :client/src/components/admi-file/articles.jsx
> git ls-files --stage -- /root/Documents/workspace-project-web/client/src/components/admi-file/articles.jsx
> git cat-file -s d42936fccd344573e82fc91ef13304923db8dfad
> git show :client/src/components/admi-file/insertArticle.jsx
> git ls-files --stage -- /root/Documents/workspace-project-web/client/src/components/admi-file/insertArticle.jsx
> git cat-file -s 59b273079a529b3842489fd6958a41d9c7f72bee
> git show :client/src/components/admi-file/articles.jsx
> git ls-files --stage -- /root/Documents/workspace-project-web/client/src/components/admi-file/articles.jsx
> git cat-file -s d42936fccd344573e82fc91ef13304923db8dfad
> git show :client/src/components/admi-file/commandes.jsx
> git ls-files --stage -- /root/Documents/workspace-project-web/client/src/components/admi-file/commandes.jsx
> git cat-file -s f731e7e186feb9ec86e5cec109496bb5da8853b2
> git show :web-project/models/commande.model.js
> git ls-files --stage -- /root/Documents/workspace-project-web/web-project/models/commande.model.js
> git cat-file -s 53c3bd5a399fb371a710e0312c0422e396f972b6
> git show :client/src/components/admi-file/clients.jsx
> git ls-files --stage -- /root/Documents/workspace-project-web/client/src/components/admi-file/clients.jsx
> git cat-file -s 418f4b5603531d5fd22b7ebb4588c77da5204704
> git show :web-project/models/client.model.js
> git ls-files --stage -- /root/Documents/workspace-project-web/web-project/models/client.model.js
> git cat-file -s 4ac722785a547e3569b08da82214a310907e83d0
> git show :web-project/models/depot.model.js
> git ls-files --stage -- /root/Documents/workspace-project-web/web-project/models/depot.model.js
> git cat-file -s 1a7b5156af282ed6abce9b24dea53c3db015d8ac
> git show :web-project/models/commande.model.js
> git ls-files --stage -- /root/Documents/workspace-project-web/web-project/models/commande.model.js
> git cat-file -s 53c3bd5a399fb371a710e0312c0422e396f972b6
> git show :client/src/components/admi-file/commandes.jsx
> git ls-files --stage -- /root/Documents/workspace-project-web/client/src/components/admi-file/commandes.jsx
> git cat-file -s f731e7e186feb9ec86e5cec109496bb5da8853b2
> git show :client/src/components/admi-file/clients.jsx
> git ls-files --stage -- /root/Documents/workspace-project-web/client/src/components/admi-file/clients.jsx
> git cat-file -s 418f4b5603531d5fd22b7ebb4588c77da5204704
> git show :client/src/components/admi-file/commandes.jsx
> git ls-files --stage -- /root/Documents/workspace-project-web/client/src/components/admi-file/commandes.jsx
> git cat-file -s f731e7e186feb9ec86e5cec109496bb5da8853b2
> git show :web-project/models/article.model.js
> git ls-files --stage -- /root/Documents/workspace-project-web/web-project/models/article.model.js
> git cat-file -s d16029d43034e4b60fa160c280d3e0343e8f4e4a
> git show :web-project/models/commande.model.js
> git ls-files --stage -- /root/Documents/workspace-project-web/web-project/models/commande.model.js
> git cat-file -s 53c3bd5a399fb371a710e0312c0422e396f972b6
> git show :web-project/controllers/article.controller.js
> git ls-files --stage -- /root/Documents/workspace-project-web/web-project/controllers/article.controller.js
> git cat-file -s c7110d1521c8aca3568cf40d4c8af0e3fa3f5908
> git show :web-project/models/article.model.js
> git ls-files --stage -- /root/Documents/workspace-project-web/web-project/models/article.model.js
> git cat-file -s d16029d43034e4b60fa160c280d3e0343e8f4e4a
> git show :web-project/models/commande.model.js
> git ls-files --stage -- /root/Documents/workspace-project-web/web-project/models/commande.model.js
> git cat-file -s 53c3bd5a399fb371a710e0312c0422e396f972b6
> git show :web-project/controllers/article.controller.js
> git ls-files --stage -- /root/Documents/workspace-project-web/web-project/controllers/article.controller.js
> git cat-file -s c7110d1521c8aca3568cf40d4c8af0e3fa3f5908
> git show :web-project/models/article.model.js
> git ls-files --stage -- /root/Documents/workspace-project-web/web-project/models/article.model.js
> git cat-file -s d16029d43034e4b60fa160c280d3e0343e8f4e4a
> git show :web-project/models/commande.model.js
> git ls-files --stage -- /root/Documents/workspace-project-web/web-project/models/commande.model.js
> git cat-file -s 53c3bd5a399fb371a710e0312c0422e396f972b6
> git show :client/src/components/admi-file/insertArticle.jsx
> git ls-files --stage -- /root/Documents/workspace-project-web/client/src/components/admi-file/insertArticle.jsx
> git cat-file -s 59b273079a529b3842489fd6958a41d9c7f72bee
> git show :web-project/models/commande.model.js
> git ls-files --stage -- /root/Documents/workspace-project-web/web-project/models/commande.model.js
> git cat-file -s 53c3bd5a399fb371a710e0312c0422e396f972b6
> git show :web-project/models/article.model.js
> git ls-files --stage -- /root/Documents/workspace-project-web/web-project/models/article.model.js
> git cat-file -s d16029d43034e4b60fa160c280d3e0343e8f4e4a
> git show :web-project/models/client.model.js
> git ls-files --stage -- /root/Documents/workspace-project-web/web-project/models/client.model.js
> git cat-file -s 4ac722785a547e3569b08da82214a310907e83d0
> git show :web-project/models/client.model.js
> git ls-files --stage -- /root/Documents/workspace-project-web/web-project/models/client.model.js
> git cat-file -s 4ac722785a547e3569b08da82214a310907e83d0
> git show :web-project/models/article.model.js
> git ls-files --stage -- /root/Documents/workspace-project-web/web-project/models/article.model.js
> git cat-file -s d16029d43034e4b60fa160c280d3e0343e8f4e4a
> git show :web-project/models/client.model.js
> git ls-files --stage -- /root/Documents/workspace-project-web/web-project/models/client.model.js
> git cat-file -s 4ac722785a547e3569b08da82214a310907e83d0
> git show :client/src/components/admi-file/clients.jsx
> git ls-files --stage -- /root/Documents/workspace-project-web/client/src/components/admi-file/clients.jsx
> git cat-file -s 418f4b5603531d5fd22b7ebb4588c77da5204704
> git show :client/src/components/admi-file/insertArticle.jsx
> git ls-files --stage -- /root/Documents/workspace-project-web/client/src/components/admi-file/insertArticle.jsx
> git cat-file -s 59b273079a529b3842489fd6958a41d9c7f72bee
> git show :client/src/components/admi-file/adminHome.jsx
> git ls-files --stage -- /root/Documents/workspace-project-web/client/src/components/admi-file/adminHome.jsx
> git cat-file -s 6e0c275754a5618ac4810adb95c499b2d241b62a
> git show :web-project/routes/gestion.route.js
> git ls-files --stage -- /root/Documents/workspace-project-web/web-project/routes/gestion.route.js
> git cat-file -s acc4d65bfc20368dae752892c743ec4ebc10298c
> git show :client/src/components/Home.js
> git ls-files --stage -- /root/Documents/workspace-project-web/client/src/components/Home.js
> git cat-file -s 060b4b98ccc60948d53c6b16c4645a12affdd27a
> git show :client/src/components/Checkout.js
> git ls-files --stage -- /root/Documents/workspace-project-web/client/src/components/Checkout.js
> git cat-file -s 7ad9b8872986d6918b18cfdd00a93cdc8dc34958
> git check-ignore -v -z --stdin
> git check-ignore -v -z --stdin
> git check-ignore -v -z --stdin
> git show :client/src/actions/action-types/cart-actions.js
> git ls-files --stage -- /root/Documents/workspace-project-web/client/src/actions/action-types/cart-actions.js
> git cat-file -s ffc5b39de9ae0b566b3ed0bd66cd5f52cce03a9e
> git check-ignore -v -z --stdin
> git check-ignore -v -z --stdin
> git check-ignore -v -z --stdin
> git show :web-project/routes/users.js
> git ls-files --stage -- /root/Documents/workspace-project-web/web-project/routes/users.js
> git cat-file -s 623e4302bee32ccc080d1c83ee2e55a426c9bac8
> git show :web-project/routes/index.js
> git ls-files --stage -- /root/Documents/workspace-project-web/web-project/routes/index.js
> git cat-file -s ecca96a56b309a315ddf6399155fd2f953031d3b
> git show :client/src/App.js
> git ls-files --stage -- /root/Documents/workspace-project-web/client/src/App.js
> git cat-file -s 5c4bb886ec3bce7c9f4945399a55876572a37972
> git show :client/src/components/admi-file/commandes.jsx
> git ls-files --stage -- /root/Documents/workspace-project-web/client/src/components/admi-file/commandes.jsx
> git cat-file -s f731e7e186feb9ec86e5cec109496bb5da8853b2
> git show :client/src/components/admi-file/adminHome.jsx
> git ls-files --stage -- /root/Documents/workspace-project-web/client/src/components/admi-file/adminHome.jsx
> git cat-file -s 6e0c275754a5618ac4810adb95c499b2d241b62a
> git show :client/src/components/admi-file/insertArticle.jsx
> git ls-files --stage -- /root/Documents/workspace-project-web/client/src/components/admi-file/insertArticle.jsx
> git cat-file -s 59b273079a529b3842489fd6958a41d9c7f72bee
> git show :client/src/components/admi-file/adminHome.jsx
> git ls-files --stage -- /root/Documents/workspace-project-web/client/src/components/admi-file/adminHome.jsx
> git cat-file -s 6e0c275754a5618ac4810adb95c499b2d241b62a
> git show :web-project/controllers/depot.controller.js
> git ls-files --stage -- /root/Documents/workspace-project-web/web-project/controllers/depot.controller.js
> git cat-file -s e011e00bd5bc449b9ac1b3f3cc056c82d461954c
> git show :web-project/models/depot.model.js
> git ls-files --stage -- /root/Documents/workspace-project-web/web-project/models/depot.model.js
> git cat-file -s 1a7b5156af282ed6abce9b24dea53c3db015d8ac
> git show :client/src/components/admi-file/commandes.jsx
> git ls-files --stage -- /root/Documents/workspace-project-web/client/src/components/admi-file/commandes.jsx
> git cat-file -s f731e7e186feb9ec86e5cec109496bb5da8853b2
> git show :client/src/components/admi-file/insertArticle.jsx
> git ls-files --stage -- /root/Documents/workspace-project-web/client/src/components/admi-file/insertArticle.jsx
> git cat-file -s 59b273079a529b3842489fd6958a41d9c7f72bee
> git show :client/src/components/admi-file/articles.jsx
> git ls-files --stage -- /root/Documents/workspace-project-web/client/src/components/admi-file/articles.jsx
> git cat-file -s d42936fccd344573e82fc91ef13304923db8dfad
> git show :client/src/components/admi-file/adminHome.jsx
> git ls-files --stage -- /root/Documents/workspace-project-web/client/src/components/admi-file/adminHome.jsx
> git cat-file -s 6e0c275754a5618ac4810adb95c499b2d241b62a
> git show :client/src/App.js
> git ls-files --stage -- /root/Documents/workspace-project-web/client/src/App.js
> git cat-file -s 5c4bb886ec3bce7c9f4945399a55876572a37972
> git show :client/src/components/admi-file/depots.jsx
> git ls-files --stage -- /root/Documents/workspace-project-web/client/src/components/admi-file/depots.jsx
> git check-ignore -v -z --stdin
> git show :client/src/components/admi-file/commandes.jsx
> git ls-files --stage -- /root/Documents/workspace-project-web/client/src/components/admi-file/commandes.jsx
> git cat-file -s f731e7e186feb9ec86e5cec109496bb5da8853b2
> git show :web-project/routes/gestion.route.js
> git ls-files --stage -- /root/Documents/workspace-project-web/web-project/routes/gestion.route.js
> git cat-file -s acc4d65bfc20368dae752892c743ec4ebc10298c
> git show :web-project/models/commande.model.js
> git ls-files --stage -- /root/Documents/workspace-project-web/web-project/models/commande.model.js
> git cat-file -s 53c3bd5a399fb371a710e0312c0422e396f972b6
> git show :web-project/models/depot.model.js
> git ls-files --stage -- /root/Documents/workspace-project-web/web-project/models/depot.model.js
> git cat-file -s 1a7b5156af282ed6abce9b24dea53c3db015d8ac
> git show :client/src/components/admi-file/depots.jsx
> git ls-files --stage -- /root/Documents/workspace-project-web/client/src/components/admi-file/depots.jsx
> git show :client/src/App.js
> git ls-files --stage -- /root/Documents/workspace-project-web/client/src/App.js
> git cat-file -s 5c4bb886ec3bce7c9f4945399a55876572a37972
> git show :web-project/models/depot.model.js
> git ls-files --stage -- /root/Documents/workspace-project-web/web-project/models/depot.model.js
> git cat-file -s 1a7b5156af282ed6abce9b24dea53c3db015d8ac
> git show :client/src/components/admi-file/depots.jsx
> git ls-files --stage -- /root/Documents/workspace-project-web/client/src/components/admi-file/depots.jsx
> git show :web-project/models/depot.model.js
> git ls-files --stage -- /root/Documents/workspace-project-web/web-project/models/depot.model.js
> git cat-file -s 1a7b5156af282ed6abce9b24dea53c3db015d8ac
> git show :client/src/components/admi-file/depots.jsx
> git ls-files --stage -- /root/Documents/workspace-project-web/client/src/components/admi-file/depots.jsx
> git show :web-project/models/depot.model.js
> git ls-files --stage -- /root/Documents/workspace-project-web/web-project/models/depot.model.js
> git cat-file -s 1a7b5156af282ed6abce9b24dea53c3db015d8ac
> git show :client/src/components/admi-file/depots.jsx
> git ls-files --stage -- /root/Documents/workspace-project-web/client/src/components/admi-file/depots.jsx
> git show :web-project/models/depot.model.js
> git ls-files --stage -- /root/Documents/workspace-project-web/web-project/models/depot.model.js
> git cat-file -s 1a7b5156af282ed6abce9b24dea53c3db015d8ac
> git show :client/src/components/admi-file/depots.jsx
> git ls-files --stage -- /root/Documents/workspace-project-web/client/src/components/admi-file/depots.jsx
> git show :client/src/App.js
> git ls-files --stage -- /root/Documents/workspace-project-web/client/src/App.js
> git cat-file -s 5c4bb886ec3bce7c9f4945399a55876572a37972
> git status -z -u
> git ls-files --stage -- /root/Documents/workspace-project-web/client/src/components/admi-file/commandes.jsx
> git ls-files --stage -- /root/Documents/workspace-project-web/web-project/routes/gestion.route.js
> git ls-files --stage -- /root/Documents/workspace-project-web/client/src/App.js
> git cat-file -s 20ca388124bfdb3ad3d07df74897f42cd75643e2
> git cat-file -s acc4d65bfc20368dae752892c743ec4ebc10298c
> git cat-file -s 11974ce2d59c2d8ecd8ba0692621a322ab54ea89
> git show :client/src/components/admi-file/commandes.jsx
> git show :web-project/routes/gestion.route.js
> git show :client/src/App.js
> git symbolic-ref --short HEAD
> git rev-parse master
> git rev-parse --symbolic-full-name master@{u}
> git rev-list --left-right master...refs/remotes/origin/master
> git for-each-ref --format %(refname) %(objectname) --sort -committerdate
> git remote --verbose
> git config --get commit.template
> git status -z -u
> git symbolic-ref --short HEAD
> git rev-parse master
> git rev-parse --symbolic-full-name master@{u}
> git rev-list --left-right master...refs/remotes/origin/master
> git for-each-ref --format %(refname) %(objectname) --sort -committerdate
> git remote --verbose
> git config --get commit.template
> git show :client/src/components/admi-file/depots.jsx
> git ls-files --stage -- /root/Documents/workspace-project-web/client/src/components/admi-file/depots.jsx
> git cat-file -s 3c5651069dbb4cfd2f50ac2bbc04b95fc5f79b11
> git show :client/src/App.js
> git ls-files --stage -- /root/Documents/workspace-project-web/client/src/App.js
> git cat-file -s 11974ce2d59c2d8ecd8ba0692621a322ab54ea89
> git show :client/src/components/admi-file/commandes.jsx
> git ls-files --stage -- /root/Documents/workspace-project-web/client/src/components/admi-file/commandes.jsx
> git cat-file -s 20ca388124bfdb3ad3d07df74897f42cd75643e2
> git show :client/src/components/admi-file/depots.jsx
> git ls-files --stage -- /root/Documents/workspace-project-web/client/src/components/admi-file/depots.jsx
> git cat-file -s 3c5651069dbb4cfd2f50ac2bbc04b95fc5f79b11
> git show :web-project/models/client.model.js
> git ls-files --stage -- /root/Documents/workspace-project-web/web-project/models/client.model.js
> git cat-file -s 4ac722785a547e3569b08da82214a310907e83d0
> git show :client/src/App.js
> git ls-files --stage -- /root/Documents/workspace-project-web/client/src/App.js
> git cat-file -s 11974ce2d59c2d8ecd8ba0692621a322ab54ea89
> git show :client/src/App.js
> git ls-files --stage -- /root/Documents/workspace-project-web/client/src/App.js
> git cat-file -s 11974ce2d59c2d8ecd8ba0692621a322ab54ea89
> git show :web-project/models/depot.model.js
> git ls-files --stage -- /root/Documents/workspace-project-web/web-project/models/depot.model.js
> git cat-file -s 1a7b5156af282ed6abce9b24dea53c3db015d8ac
> git show :web-project/models/facture.model.js
> git ls-files --stage -- /root/Documents/workspace-project-web/web-project/models/facture.model.js
> git cat-file -s 23ce8ce2be6d11498a07c512cd230f3ab73f74a3
> git show :client/src/components/admi-file/factures.jsx
> git ls-files --stage -- /root/Documents/workspace-project-web/client/src/components/admi-file/factures.jsx
> git check-ignore -v -z --stdin
> git show :web-project/models/facture.model.js
> git ls-files --stage -- /root/Documents/workspace-project-web/web-project/models/facture.model.js
> git cat-file -s 23ce8ce2be6d11498a07c512cd230f3ab73f74a3
> git show :client/src/components/admi-file/livraisons.jsx
> git ls-files --stage -- /root/Documents/workspace-project-web/client/src/components/admi-file/livraisons.jsx
> git check-ignore -v -z --stdin
> git show :client/src/components/admi-file/factures.jsx
> git ls-files --stage -- /root/Documents/workspace-project-web/client/src/components/admi-file/factures.jsx
> git show :client/src/components/admi-file/livraisons.jsx
> git ls-files --stage -- /root/Documents/workspace-project-web/client/src/components/admi-file/livraisons.jsx
> git show :client/src/components/admi-file/depots.jsx
> git ls-files --stage -- /root/Documents/workspace-project-web/client/src/components/admi-file/depots.jsx
> git cat-file -s 3c5651069dbb4cfd2f50ac2bbc04b95fc5f79b11
> git show :client/src/components/admi-file/factures.jsx
> git ls-files --stage -- /root/Documents/workspace-project-web/client/src/components/admi-file/factures.jsx
> git show :client/src/components/admi-file/depots.jsx
> git ls-files --stage -- /root/Documents/workspace-project-web/client/src/components/admi-file/depots.jsx
> git cat-file -s 3c5651069dbb4cfd2f50ac2bbc04b95fc5f79b11
> git show :client/src/components/admi-file/factures.jsx
> git ls-files --stage -- /root/Documents/workspace-project-web/client/src/components/admi-file/factures.jsx
> git show :client/src/components/admi-file/livraisons.jsx
> git ls-files --stage -- /root/Documents/workspace-project-web/client/src/components/admi-file/livraisons.jsx
> git show :web-project/models/livraison.model.js
> git ls-files --stage -- /root/Documents/workspace-project-web/web-project/models/livraison.model.js
> git cat-file -s 17276c8607ebc4e8046dc7c968fc61db53da901f
> git show :web-project/models/gestion.model.js
> git ls-files --stage -- /root/Documents/workspace-project-web/web-project/models/gestion.model.js
> git cat-file -s adb8ab9ab70d4d60009475b5029e8e2cf92f5943
> git show :web-project/models/livraison.model.js
> git ls-files --stage -- /root/Documents/workspace-project-web/web-project/models/livraison.model.js
> git cat-file -s 17276c8607ebc4e8046dc7c968fc61db53da901f
> git show :client/src/components/admi-file/depots.jsx
> git ls-files --stage -- /root/Documents/workspace-project-web/client/src/components/admi-file/depots.jsx
> git cat-file -s 3c5651069dbb4cfd2f50ac2bbc04b95fc5f79b11
> git show :client/src/components/admi-file/factures.jsx
> git ls-files --stage -- /root/Documents/workspace-project-web/client/src/components/admi-file/factures.jsx
> git show :client/src/components/admi-file/livraisons.jsx
> git ls-files --stage -- /root/Documents/workspace-project-web/client/src/components/admi-file/livraisons.jsx
> git show :client/src/components/admi-file/factures.jsx
> git ls-files --stage -- /root/Documents/workspace-project-web/client/src/components/admi-file/factures.jsx
> git show :client/src/components/admi-file/articles.jsx
> git ls-files --stage -- /root/Documents/workspace-project-web/client/src/components/admi-file/articles.jsx
> git cat-file -s 8e838522be18aae5ded4ad1e7d43863bdbfcfb08
> git show :client/src/App.js
> git ls-files --stage -- /root/Documents/workspace-project-web/client/src/App.js
> git cat-file -s 11974ce2d59c2d8ecd8ba0692621a322ab54ea89
> git show :client/src/components/admi-file/depots.jsx
> git ls-files --stage -- /root/Documents/workspace-project-web/client/src/components/admi-file/depots.jsx
> git cat-file -s 3c5651069dbb4cfd2f50ac2bbc04b95fc5f79b11
> git check-ignore -v -z --stdin
> git show :client/src/components/admi-file/factures.jsx
> git ls-files --stage -- /root/Documents/workspace-project-web/client/src/components/admi-file/factures.jsx
> git show :client/src/components/admi-file/livraisons.jsx
> git ls-files --stage -- /root/Documents/workspace-project-web/client/src/components/admi-file/livraisons.jsx
> git show :client/src/components/admi-file/adminHome.jsx
> git ls-files --stage -- /root/Documents/workspace-project-web/client/src/components/admi-file/adminHome.jsx
> git cat-file -s 8d777b6cf935b22ebc52b618e387c8a7dda6a901
> git show :client/src/components/admi-file/livraisons.jsx
> git ls-files --stage -- /root/Documents/workspace-project-web/client/src/components/admi-file/livraisons.jsx
> git show :client/src/components/admi-file/factures.jsx
> git ls-files --stage -- /root/Documents/workspace-project-web/client/src/components/admi-file/factures.jsx
